<?xml version="1.0" encoding="UTF-8"?>
<testsuite xmlns:xsi="http://www.w3.org/2001/XMLSchema-instance" xsi:noNamespaceSchemaLocation="https://maven.apache.org/surefire/maven-surefire-plugin/xsd/surefire-test-report.xsd" name="ua.profitsoft.task_3.EncrypterTest" time="0.039" tests="3" errors="0" skipped="0" failures="0">
  <properties>
[...]
</properties>
  <testcase name="test1" classname="ua.profitsoft.task_3.EncrypterTest" time="0.026"/>
  <testcase name="test2" classname="ua.profitsoft.task_3.EncrypterTest" time="0"/>
  <testcase name="testJavaWord" classname="ua.profitsoft.task_3.EncrypterTest" time="0.001"/>
</testsuite>